<?xml version="1.0" encoding="UTF-8"?>
<!-- Generated by org.testng.reporters.JUnitXMLReporter -->
<testsuite ignored="2" hostname="HarrySindhu" failures="0" tests="1" name="BasicAuthTest" time="10.192" errors="0" timestamp="2024-01-30T02:15:50 IST">
  <testcase classname="org.qa.tests.BrokenImagesTest" name="BrokenImagesTest" time="2.038"/>
  <testcase classname="org.qa.tests.BasicAuthTest" name="BasicAuthTest" time="0.0">
    <ignored/>
  </testcase> <!-- BasicAuthTest -->
  <testcase classname="org.qa.tests.AddRemoveButtons" name="AddRemoveButtonsTest" time="0.0">
    <ignored/>
  </testcase> <!-- AddRemoveButtonsTest -->
</testsuite> <!-- BasicAuthTest -->
